<?xml version="1.0" encoding="UTF-8"?>
<testsuite xmlns:xsi="http://www.w3.org/2001/XMLSchema-instance" xsi:noNamespaceSchemaLocation="https://maven.apache.org/surefire/maven-surefire-plugin/xsd/surefire-test-report.xsd" version="3.0.2" name="himedia.slivermate.SlivermateApplicationTests" time="2.462" tests="1" errors="0" skipped="0" failures="0">
  <properties>
[...]
</properties>
  <testcase name="contextLoads" classname="himedia.slivermate.SlivermateApplicationTests" time="0.02">
    <system-out><![CDATA[Standard Commons Logging discovery in action with spring-jcl: please remove commons-logging.jar from classpath in order to avoid potential conflicts
17:47:02.076 [main] INFO org.springframework.test.context.support.AnnotationConfigContextLoaderUtils -- Could not detect default configuration classes for test class [himedia.slivermate.SlivermateApplicationTests]: SlivermateApplicationTests does not declare any static, non-private, non-final, nested classes annotated with @Configuration.
17:47:02.121 [main] INFO org.springframework.boot.test.context.SpringBootTestContextBootstrapper -- Found @SpringBootConfiguration himedia.slivermate.SlivermateApplication for test class himedia.slivermate.SlivermateApplicationTests

  .   ____          _            __ _ _
 /\\ / ___'_ __ _ _(_)_ __  __ _ \ \ \ \
( ( )\___ | '_ | '_| | '_ \/ _` | \ \ \ \
 \\/  ___)| |_)| | | | | || (_| |  ) ) ) )
  '  |____| .__|_| |_|_| |_\__, | / / / /
 =========|_|==============|___/=/_/_/_/

 :: Spring Boot ::                (v3.4.3)

2025-04-08T17:47:02.284+09:00  INFO 4866 --- [slivermate_project_springboot] [           main] h.slivermate.SlivermateApplicationTests  : Starting SlivermateApplicationTests using Java 17.0.13 with PID 4866 (started by dhkim in /Users/dhkim/Documents/team-project/slivermate_project_springboot)
2025-04-08T17:47:02.284+09:00  INFO 4866 --- [slivermate_project_springboot] [           main] h.slivermate.SlivermateApplicationTests  : No active profile set, falling back to 1 default profile: "default"
2025-04-08T17:47:02.590+09:00  INFO 4866 --- [slivermate_project_springboot] [           main] .s.d.r.c.RepositoryConfigurationDelegate : Multiple Spring Data modules found, entering strict repository configuration mode
2025-04-08T17:47:02.591+09:00  INFO 4866 --- [slivermate_project_springboot] [           main] .s.d.r.c.RepositoryConfigurationDelegate : Bootstrapping Spring Data Redis repositories in DEFAULT mode.
2025-04-08T17:47:02.604+09:00  INFO 4866 --- [slivermate_project_springboot] [           main] .s.d.r.c.RepositoryConfigurationDelegate : Finished Spring Data repository scanning in 5 ms. Found 0 Redis repository interfaces.
2025-04-08T17:47:03.922+09:00  INFO 4866 --- [slivermate_project_springboot] [           main] h.slivermate.SlivermateApplicationTests  : Started SlivermateApplicationTests in 1.746 seconds (process running for 2.154)
]]></system-out>
    <system-err><![CDATA[2025-04-08 17:47:03.095 INFO net.spy.memcached.MemcachedConnection:  Setting retryQueueSize to -1
2025-04-08 17:47:03.102 INFO net.spy.memcached.MemcachedConnection:  Added {QA sa=slivermate-chatroom-chdrn7.serverless.apn2.cache.amazonaws.com/172.31.14.168:11211, #Rops=0, #Wops=0, #iq=0, topRop=null, topWop=null, toWrite=0, interested=0} to connect queue
]]></system-err>
  </testcase>
</testsuite>